<?xml version="1.0" encoding="UTF-8"?>
<!-- Generated by org.testng.reporters.JUnitReportReporter -->
<testsuite skipped="0" hostname="DESKTOP-JGV52QR" name="testRunners.TestRunnerClass" tests="4" failures="0" timestamp="15 Mar 2020 10:14:06 GMT" time="65.303" errors="0">
  <testcase name="runScenario" time="15.405" classname="testRunners.TestRunnerClass"/>
  <testcase name="runScenario" time="18.664" classname="testRunners.TestRunnerClass"/>
  <testcase name="runScenario" time="9.845" classname="testRunners.TestRunnerClass"/>
  <testcase name="runScenario" time="21.389" classname="testRunners.TestRunnerClass"/>
</testsuite> <!-- testRunners.TestRunnerClass -->
